<?xml version="1.0" encoding="UTF-8"?>
<coverage generated="1670556520112" clover="3.2.0">
  <project timestamp="1670556520113" name="All files">
    <metrics statements="39" coveredstatements="39" conditionals="32" coveredconditionals="32" methods="7" coveredmethods="7" elements="78" coveredelements="78" complexity="0" loc="39" ncloc="39" packages="3" files="6" classes="6"/>
    <package name="array">
      <metrics statements="15" coveredstatements="15" conditionals="8" coveredconditionals="8" methods="3" coveredmethods="3"/>
      <file name="sumOfArray.js" path="C:\Users\Panja\Documents\Data Strucure & Algorithm\recursion\array\sumOfArray.js">
        <metrics statements="9" coveredstatements="9" conditionals="4" coveredconditionals="4" methods="2" coveredmethods="2"/>
        <line num="8" count="1" type="stmt"/>
        <line num="11" count="13" type="cond" truecount="2" falsecount="0"/>
        <line num="12" count="10" type="stmt"/>
        <line num="14" count="3" type="stmt"/>
        <line num="16" count="3" type="stmt"/>
        <line num="17" count="10" type="cond" truecount="2" falsecount="0"/>
        <line num="18" count="10" type="stmt"/>
        <line num="21" count="3" type="stmt"/>
        <line num="24" count="1" type="stmt"/>
      </file>
      <file name="traverse.js" path="C:\Users\Panja\Documents\Data Strucure & Algorithm\recursion\array\traverse.js">
        <metrics statements="6" coveredstatements="6" conditionals="4" coveredconditionals="4" methods="1" coveredmethods="1"/>
        <line num="10" count="28" type="cond" truecount="2" falsecount="0"/>
        <line num="11" count="10" type="stmt"/>
        <line num="14" count="18" type="cond" truecount="2" falsecount="0"/>
        <line num="15" count="14" type="stmt"/>
        <line num="16" count="14" type="stmt"/>
        <line num="19" count="2" type="stmt"/>
      </file>
    </package>
    <package name="number">
      <metrics statements="15" coveredstatements="15" conditionals="12" coveredconditionals="12" methods="2" coveredmethods="2"/>
      <file name="factorial.js" path="C:\Users\Panja\Documents\Data Strucure & Algorithm\recursion\number\factorial.js">
        <metrics statements="9" coveredstatements="9" conditionals="6" coveredconditionals="6" methods="1" coveredmethods="1"/>
        <line num="9" count="9677" type="cond" truecount="2" falsecount="0"/>
        <line num="10" count="9669" type="cond" truecount="2" falsecount="0"/>
        <line num="11" count="5" type="stmt"/>
        <line num="15" count="9664" type="stmt"/>
        <line num="16" count="9664" type="cond" truecount="2" falsecount="0"/>
        <line num="17" count="1" type="stmt"/>
        <line num="19" count="9664" type="stmt"/>
        <line num="20" count="9664" type="stmt"/>
        <line num="23" count="1" type="stmt"/>
      </file>
      <file name="reverse-number.js" path="C:\Users\Panja\Documents\Data Strucure & Algorithm\recursion\number\reverse-number.js">
        <metrics statements="6" coveredstatements="6" conditionals="6" coveredconditionals="6" methods="1" coveredmethods="1"/>
        <line num="9" count="8383" type="cond" truecount="2" falsecount="0"/>
        <line num="11" count="8375" type="cond" truecount="2" falsecount="0"/>
        <line num="13" count="8375" type="cond" truecount="2" falsecount="0"/>
        <line num="14" count="3" type="stmt"/>
        <line num="17" count="8372" type="stmt"/>
        <line num="20" count="1" type="stmt"/>
      </file>
    </package>
    <package name="string">
      <metrics statements="9" coveredstatements="9" conditionals="12" coveredconditionals="12" methods="2" coveredmethods="2"/>
      <file name="palindrome.js" path="C:\Users\Panja\Documents\Data Strucure & Algorithm\recursion\string\palindrome.js">
        <metrics statements="5" coveredstatements="5" conditionals="8" coveredconditionals="8" methods="1" coveredmethods="1"/>
        <line num="20" count="23" type="cond" truecount="2" falsecount="0"/>
        <line num="22" count="15" type="cond" truecount="4" falsecount="0"/>
        <line num="24" count="8" type="cond" truecount="2" falsecount="0"/>
        <line num="26" count="6" type="stmt"/>
        <line num="30" count="1" type="stmt"/>
      </file>
      <file name="reverse-text.js" path="C:\Users\Panja\Documents\Data Strucure & Algorithm\recursion\string\reverse-text.js">
        <metrics statements="4" coveredstatements="4" conditionals="4" coveredconditionals="4" methods="1" coveredmethods="1"/>
        <line num="16" count="31" type="cond" truecount="2" falsecount="0"/>
        <line num="18" count="23" type="cond" truecount="2" falsecount="0"/>
        <line num="20" count="18" type="stmt"/>
        <line num="43" count="1" type="stmt"/>
      </file>
    </package>
  </project>
</coverage>
