{"C:\\Users\\Panja\\Documents\\Data Strucure & Algorithm\\recursion\\array\\sumOfArray.js": {"path":"C:\\Users\\Panja\\Documents\\Data Strucure & Algorithm\\recursion\\array\\sumOfArray.js","statementMap":{"0":{"start":{"line":8,"column":17},"end":{"line":8,"column":38}},"1":{"start":{"line":11,"column":4},"end":{"line":13,"column":5}},"2":{"start":{"line":12,"column":8},"end":{"line":12,"column":55}},"3":{"start":{"line":14,"column":14},"end":{"line":14,"column":15}},"4":{"start":{"line":16,"column":4},"end":{"line":19,"column":7}},"5":{"start":{"line":17,"column":8},"end":{"line":17,"column":51}},"6":{"start":{"line":17,"column":38},"end":{"line":17,"column":51}},"7":{"start":{"line":18,"column":8},"end":{"line":18,"column":15}},"8":{"start":{"line":21,"column":4},"end":{"line":21,"column":15}},"9":{"start":{"line":24,"column":0},"end":{"line":24,"column":36}}},"fnMap":{"0":{"name":"sumOfArrayElements","decl":{"start":{"line":10,"column":9},"end":{"line":10,"column":27}},"loc":{"start":{"line":10,"column":34},"end":{"line":22,"column":1}},"line":10},"1":{"name":"(anonymous_1)","decl":{"start":{"line":16,"column":19},"end":{"line":16,"column":20}},"loc":{"start":{"line":16,"column":28},"end":{"line":19,"column":5}},"line":16}},"branchMap":{"0":{"loc":{"start":{"line":11,"column":4},"end":{"line":13,"column":5}},"type":"if","locations":[{"start":{"line":11,"column":4},"end":{"line":13,"column":5}},{"start":{},"end":{}}],"line":11},"1":{"loc":{"start":{"line":17,"column":8},"end":{"line":17,"column":51}},"type":"if","locations":[{"start":{"line":17,"column":8},"end":{"line":17,"column":51}},{"start":{},"end":{}}],"line":17}},"s":{"0":1,"1":13,"2":10,"3":3,"4":3,"5":10,"6":5,"7":10,"8":3,"9":1},"f":{"0":13,"1":10},"b":{"0":[10,3],"1":[5,5]},"_coverageSchema":"1a1c01bbd47fc00a2c39e90264f33305004495a9","hash":"cb897a45489ec7e72ec1aef552556b0eaf9e7c23"}
,"C:\\Users\\Panja\\Documents\\Data Strucure & Algorithm\\recursion\\array\\traverse.js": {"path":"C:\\Users\\Panja\\Documents\\Data Strucure & Algorithm\\recursion\\array\\traverse.js","statementMap":{"0":{"start":{"line":10,"column":4},"end":{"line":12,"column":5}},"1":{"start":{"line":11,"column":8},"end":{"line":11,"column":53}},"2":{"start":{"line":14,"column":4},"end":{"line":14,"column":35}},"3":{"start":{"line":14,"column":27},"end":{"line":14,"column":35}},"4":{"start":{"line":15,"column":4},"end":{"line":15,"column":20}},"5":{"start":{"line":16,"column":4},"end":{"line":16,"column":35}},"6":{"start":{"line":19,"column":0},"end":{"line":19,"column":26}}},"fnMap":{"0":{"name":"traverse","decl":{"start":{"line":9,"column":9},"end":{"line":9,"column":17}},"loc":{"start":{"line":9,"column":30},"end":{"line":17,"column":1}},"line":9}},"branchMap":{"0":{"loc":{"start":{"line":10,"column":4},"end":{"line":12,"column":5}},"type":"if","locations":[{"start":{"line":10,"column":4},"end":{"line":12,"column":5}},{"start":{},"end":{}}],"line":10},"1":{"loc":{"start":{"line":14,"column":4},"end":{"line":14,"column":35}},"type":"if","locations":[{"start":{"line":14,"column":4},"end":{"line":14,"column":35}},{"start":{},"end":{}}],"line":14}},"s":{"0":28,"1":10,"2":18,"3":4,"4":14,"5":14,"6":2},"f":{"0":28},"b":{"0":[10,18],"1":[4,14]},"_coverageSchema":"1a1c01bbd47fc00a2c39e90264f33305004495a9","hash":"700755890220b138039029a37f8acc33dacc8ed4"}
,"C:\\Users\\Panja\\Documents\\Data Strucure & Algorithm\\recursion\\number\\factorial.js": {"path":"C:\\Users\\Panja\\Documents\\Data Strucure & Algorithm\\recursion\\number\\factorial.js","statementMap":{"0":{"start":{"line":9,"column":4},"end":{"line":9,"column":76}},"1":{"start":{"line":9,"column":30},"end":{"line":9,"column":76}},"2":{"start":{"line":10,"column":4},"end":{"line":12,"column":5}},"3":{"start":{"line":11,"column":7},"end":{"line":11,"column":16}},"4":{"start":{"line":15,"column":15},"end":{"line":15,"column":16}},"5":{"start":{"line":16,"column":4},"end":{"line":18,"column":5}},"6":{"start":{"line":17,"column":8},"end":{"line":17,"column":18}},"7":{"start":{"line":19,"column":4},"end":{"line":19,"column":20}},"8":{"start":{"line":20,"column":4},"end":{"line":20,"column":33}},"9":{"start":{"line":23,"column":0},"end":{"line":23,"column":27}}},"fnMap":{"0":{"name":"factorial","decl":{"start":{"line":8,"column":9},"end":{"line":8,"column":18}},"loc":{"start":{"line":8,"column":21},"end":{"line":21,"column":1}},"line":8}},"branchMap":{"0":{"loc":{"start":{"line":9,"column":4},"end":{"line":9,"column":76}},"type":"if","locations":[{"start":{"line":9,"column":4},"end":{"line":9,"column":76}},{"start":{},"end":{}}],"line":9},"1":{"loc":{"start":{"line":10,"column":4},"end":{"line":12,"column":5}},"type":"if","locations":[{"start":{"line":10,"column":4},"end":{"line":12,"column":5}},{"start":{},"end":{}}],"line":10},"2":{"loc":{"start":{"line":16,"column":4},"end":{"line":18,"column":5}},"type":"if","locations":[{"start":{"line":16,"column":4},"end":{"line":18,"column":5}},{"start":{},"end":{}}],"line":16}},"s":{"0":9677,"1":8,"2":9669,"3":5,"4":9664,"5":9664,"6":1,"7":9664,"8":9664,"9":1},"f":{"0":9677},"b":{"0":[8,9669],"1":[5,9664],"2":[1,9663]},"_coverageSchema":"1a1c01bbd47fc00a2c39e90264f33305004495a9","hash":"0b59c60f80ae0f0fa6aa05bca17bf5a6f87d9508"}
,"C:\\Users\\Panja\\Documents\\Data Strucure & Algorithm\\recursion\\number\\reverse-number.js": {"path":"C:\\Users\\Panja\\Documents\\Data Strucure & Algorithm\\recursion\\number\\reverse-number.js","statementMap":{"0":{"start":{"line":9,"column":4},"end":{"line":9,"column":83}},"1":{"start":{"line":9,"column":35},"end":{"line":9,"column":83}},"2":{"start":{"line":11,"column":18},"end":{"line":11,"column":52}},"3":{"start":{"line":13,"column":4},"end":{"line":15,"column":5}},"4":{"start":{"line":14,"column":8},"end":{"line":14,"column":17}},"5":{"start":{"line":17,"column":4},"end":{"line":17,"column":79}},"6":{"start":{"line":20,"column":0},"end":{"line":20,"column":25}}},"fnMap":{"0":{"name":"reverse","decl":{"start":{"line":8,"column":9},"end":{"line":8,"column":16}},"loc":{"start":{"line":8,"column":24},"end":{"line":18,"column":1}},"line":8}},"branchMap":{"0":{"loc":{"start":{"line":9,"column":4},"end":{"line":9,"column":83}},"type":"if","locations":[{"start":{"line":9,"column":4},"end":{"line":9,"column":83}},{"start":{},"end":{}}],"line":9},"1":{"loc":{"start":{"line":11,"column":18},"end":{"line":11,"column":52}},"type":"binary-expr","locations":[{"start":{"line":11,"column":18},"end":{"line":11,"column":47}},{"start":{"line":11,"column":51},"end":{"line":11,"column":52}}],"line":11},"2":{"loc":{"start":{"line":13,"column":4},"end":{"line":15,"column":5}},"type":"if","locations":[{"start":{"line":13,"column":4},"end":{"line":15,"column":5}},{"start":{},"end":{}}],"line":13}},"s":{"0":8383,"1":8,"2":8375,"3":8375,"4":3,"5":8372,"6":1},"f":{"0":8383},"b":{"0":[8,8375],"1":[8375,8367],"2":[3,8372]},"_coverageSchema":"1a1c01bbd47fc00a2c39e90264f33305004495a9","hash":"4289989a8f7a222ba9d456c95b8c8f01930c0465"}
,"C:\\Users\\Panja\\Documents\\Data Strucure & Algorithm\\recursion\\string\\palindrome.js": {"path":"C:\\Users\\Panja\\Documents\\Data Strucure & Algorithm\\recursion\\string\\palindrome.js","statementMap":{"0":{"start":{"line":20,"column":4},"end":{"line":20,"column":105}},"1":{"start":{"line":20,"column":33},"end":{"line":20,"column":105}},"2":{"start":{"line":22,"column":4},"end":{"line":22,"column":59}},"3":{"start":{"line":22,"column":47},"end":{"line":22,"column":59}},"4":{"start":{"line":24,"column":4},"end":{"line":24,"column":69}},"5":{"start":{"line":24,"column":56},"end":{"line":24,"column":69}},"6":{"start":{"line":26,"column":4},"end":{"line":26,"column":42}},"7":{"start":{"line":30,"column":0},"end":{"line":30,"column":30}}},"fnMap":{"0":{"name":"isPalindrome","decl":{"start":{"line":17,"column":9},"end":{"line":17,"column":21}},"loc":{"start":{"line":17,"column":27},"end":{"line":28,"column":1}},"line":17}},"branchMap":{"0":{"loc":{"start":{"line":20,"column":4},"end":{"line":20,"column":105}},"type":"if","locations":[{"start":{"line":20,"column":4},"end":{"line":20,"column":105}},{"start":{},"end":{}}],"line":20},"1":{"loc":{"start":{"line":22,"column":4},"end":{"line":22,"column":59}},"type":"if","locations":[{"start":{"line":22,"column":4},"end":{"line":22,"column":59}},{"start":{},"end":{}}],"line":22},"2":{"loc":{"start":{"line":22,"column":7},"end":{"line":22,"column":45}},"type":"binary-expr","locations":[{"start":{"line":22,"column":7},"end":{"line":22,"column":24}},{"start":{"line":22,"column":28},"end":{"line":22,"column":45}}],"line":22},"3":{"loc":{"start":{"line":24,"column":4},"end":{"line":24,"column":69}},"type":"if","locations":[{"start":{"line":24,"column":4},"end":{"line":24,"column":69}},{"start":{},"end":{}}],"line":24}},"s":{"0":23,"1":8,"2":15,"3":7,"4":8,"5":2,"6":6,"7":1},"f":{"0":23},"b":{"0":[8,15],"1":[7,8],"2":[15,11],"3":[2,6]},"_coverageSchema":"1a1c01bbd47fc00a2c39e90264f33305004495a9","hash":"157f85c51bbf0e85bb28fb8dd1c16b28fb021145"}
,"C:\\Users\\Panja\\Documents\\Data Strucure & Algorithm\\recursion\\string\\reverse-text.js": {"path":"C:\\Users\\Panja\\Documents\\Data Strucure & Algorithm\\recursion\\string\\reverse-text.js","statementMap":{"0":{"start":{"line":16,"column":4},"end":{"line":16,"column":105}},"1":{"start":{"line":16,"column":33},"end":{"line":16,"column":105}},"2":{"start":{"line":18,"column":4},"end":{"line":18,"column":30}},"3":{"start":{"line":18,"column":20},"end":{"line":18,"column":30}},"4":{"start":{"line":20,"column":4},"end":{"line":20,"column":50}},"5":{"start":{"line":43,"column":0},"end":{"line":43,"column":25}}},"fnMap":{"0":{"name":"reverse","decl":{"start":{"line":14,"column":9},"end":{"line":14,"column":16}},"loc":{"start":{"line":14,"column":22},"end":{"line":23,"column":1}},"line":14}},"branchMap":{"0":{"loc":{"start":{"line":16,"column":4},"end":{"line":16,"column":105}},"type":"if","locations":[{"start":{"line":16,"column":4},"end":{"line":16,"column":105}},{"start":{},"end":{}}],"line":16},"1":{"loc":{"start":{"line":18,"column":4},"end":{"line":18,"column":30}},"type":"if","locations":[{"start":{"line":18,"column":4},"end":{"line":18,"column":30}},{"start":{},"end":{}}],"line":18}},"s":{"0":31,"1":8,"2":23,"3":5,"4":18,"5":1},"f":{"0":31},"b":{"0":[8,23],"1":[5,18]},"_coverageSchema":"1a1c01bbd47fc00a2c39e90264f33305004495a9","hash":"20cb548e12f21882472e020758845b919bc371c2"}
}
