TN:
SF:Patterns\frequency-counter\array\problem-solution.js
FN:15,same
FN:33,frequency
FNF:2
FNH:2
FNDA:4,same
FNDA:10,frequency
DA:16,4
DA:17,1
DA:19,3
DA:21,2
DA:22,2
DA:24,2
DA:25,6
DA:26,1
DA:30,1
DA:34,10
DA:35,4
DA:37,6
DA:38,6
DA:39,19
DA:42,6
DA:49,1
LF:16
LH:16
BRDA:16,0,0,1
BRDA:16,0,1,3
BRDA:16,1,0,4
BRDA:16,1,1,1
BRDA:19,2,0,1
BRDA:19,2,1,2
BRDA:25,3,0,1
BRDA:25,3,1,5
BRDA:34,4,0,4
BRDA:34,4,1,6
BRDA:39,5,0,19
BRDA:39,5,1,18
BRF:12
BRH:12
end_of_record
TN:
SF:recursion\array\sumOfArray.js
FN:10,sumOfArrayElements
FN:16,(anonymous_1)
FNF:2
FNH:2
FNDA:13,sumOfArrayElements
FNDA:10,(anonymous_1)
DA:8,1
DA:11,13
DA:12,10
DA:14,3
DA:16,3
DA:17,10
DA:18,10
DA:21,3
DA:24,1
LF:9
LH:9
BRDA:11,0,0,10
BRDA:11,0,1,3
BRDA:17,1,0,5
BRDA:17,1,1,5
BRF:4
BRH:4
end_of_record
TN:
SF:recursion\array\traverse.js
FN:9,traverse
FNF:1
FNH:1
FNDA:28,traverse
DA:10,28
DA:11,10
DA:14,18
DA:15,14
DA:16,14
DA:19,2
LF:6
LH:6
BRDA:10,0,0,10
BRDA:10,0,1,18
BRDA:14,1,0,4
BRDA:14,1,1,14
BRF:4
BRH:4
end_of_record
TN:
SF:recursion\number\factorial.js
FN:8,factorial
FNF:1
FNH:1
FNDA:9647,factorial
DA:9,9647
DA:10,9639
DA:11,5
DA:15,9634
DA:16,9634
DA:17,1
DA:19,9634
DA:20,9633
DA:23,1
LF:9
LH:9
BRDA:9,0,0,8
BRDA:9,0,1,9639
BRDA:10,1,0,5
BRDA:10,1,1,9634
BRDA:16,2,0,1
BRDA:16,2,1,9633
BRF:6
BRH:6
end_of_record
TN:
SF:recursion\number\reverse-number.js
FN:8,reverse
FNF:1
FNH:1
FNDA:8356,reverse
DA:9,8356
DA:11,8348
DA:13,8348
DA:14,3
DA:17,8345
DA:20,1
LF:6
LH:6
BRDA:9,0,0,8
BRDA:9,0,1,8348
BRDA:11,1,0,8348
BRDA:11,1,1,8340
BRDA:13,2,0,3
BRDA:13,2,1,8345
BRF:6
BRH:6
end_of_record
TN:
SF:recursion\string\palindrome.js
FN:17,isPalindrome
FNF:1
FNH:1
FNDA:23,isPalindrome
DA:20,23
DA:22,15
DA:24,8
DA:26,6
DA:30,1
LF:5
LH:5
BRDA:20,0,0,8
BRDA:20,0,1,15
BRDA:22,1,0,7
BRDA:22,1,1,8
BRDA:22,2,0,15
BRDA:22,2,1,11
BRDA:24,3,0,2
BRDA:24,3,1,6
BRF:8
BRH:8
end_of_record
TN:
SF:recursion\string\reverse-text.js
FN:14,reverse
FNF:1
FNH:1
FNDA:31,reverse
DA:16,31
DA:18,23
DA:20,18
DA:43,1
LF:4
LH:4
BRDA:16,0,0,8
BRDA:16,0,1,23
BRDA:18,1,0,5
BRDA:18,1,1,18
BRF:4
BRH:4
end_of_record
